2018-08-15 15:03:55 [scrapy.utils.log] INFO: Scrapy 1.5.0 started (bot: bilibili)
2018-08-15 15:03:55 [scrapy.utils.log] INFO: Versions: lxml 4.2.1.0, libxml2 2.9.5, cssselect 1.0.3, parsel 1.4.0, w3lib 1.19.0, Twisted 18.4.0, Python 3.6.2 (v3.6.2:5fd33b5, Jul  8 2017, 04:14:34) [MSC v.1900 32 bit (Intel)], pyOpenSSL 18.0.0 (OpenSSL 1.1.0h  27 Mar 2018), cryptography 2.2.2, Platform Windows-7-6.1.7601-SP1
2018-08-15 15:03:55 [scrapy.crawler] INFO: Overridden settings: {'BOT_NAME': 'bilibili', 'LOG_FILE': 'scrapy.log', 'NEWSPIDER_MODULE': 'bilibili.spiders', 'SPIDER_MODULES': ['bilibili.spiders']}
2018-08-15 15:03:55 [scrapy.middleware] INFO: Enabled extensions:
['scrapy.extensions.corestats.CoreStats',
 'scrapy.extensions.telnet.TelnetConsole',
 'scrapy.extensions.logstats.LogStats']
2018-08-15 15:03:55 [scrapy.middleware] INFO: Enabled downloader middlewares:
['scrapy.downloadermiddlewares.httpauth.HttpAuthMiddleware',
 'scrapy.downloadermiddlewares.downloadtimeout.DownloadTimeoutMiddleware',
 'scrapy.downloadermiddlewares.defaultheaders.DefaultHeadersMiddleware',
 'scrapy.downloadermiddlewares.useragent.UserAgentMiddleware',
 'scrapy.downloadermiddlewares.retry.RetryMiddleware',
 'scrapy.downloadermiddlewares.redirect.MetaRefreshMiddleware',
 'scrapy.downloadermiddlewares.httpcompression.HttpCompressionMiddleware',
 'scrapy.downloadermiddlewares.redirect.RedirectMiddleware',
 'scrapy.downloadermiddlewares.cookies.CookiesMiddleware',
 'scrapy.downloadermiddlewares.httpproxy.HttpProxyMiddleware',
 'scrapy.downloadermiddlewares.stats.DownloaderStats']
2018-08-15 15:03:55 [scrapy.middleware] INFO: Enabled spider middlewares:
['scrapy.spidermiddlewares.httperror.HttpErrorMiddleware',
 'scrapy.spidermiddlewares.offsite.OffsiteMiddleware',
 'scrapy.spidermiddlewares.referer.RefererMiddleware',
 'scrapy.spidermiddlewares.urllength.UrlLengthMiddleware',
 'scrapy.spidermiddlewares.depth.DepthMiddleware']
2018-08-15 15:03:55 [scrapy.middleware] INFO: Enabled item pipelines:
[]
2018-08-15 15:03:55 [scrapy.core.engine] INFO: Spider opened
2018-08-15 15:03:55 [scrapy.extensions.logstats] INFO: Crawled 0 pages (at 0 pages/min), scraped 0 items (at 0 items/min)
2018-08-15 15:03:55 [scrapy.extensions.telnet] DEBUG: Telnet console listening on 127.0.0.1:6023
2018-08-15 15:03:56 [scrapy.core.engine] DEBUG: Crawled (200) <GET https://www.bilibili.com/> (referer: None)
2018-08-15 15:03:56 [root] INFO: ====================================================
2018-08-15 15:03:56 [root] INFO: <div class="num-wrap"><span>--</span></div>
2018-08-15 15:03:56 [root] INFO: ====================================================
2018-08-15 15:03:56 [scrapy.core.engine] INFO: Closing spider (finished)
2018-08-15 15:03:56 [scrapy.statscollectors] INFO: Dumping Scrapy stats:
{'downloader/request_bytes': 215,
 'downloader/request_count': 1,
 'downloader/request_method_count/GET': 1,
 'downloader/response_bytes': 11407,
 'downloader/response_count': 1,
 'downloader/response_status_count/200': 1,
 'finish_reason': 'finished',
 'finish_time': datetime.datetime(2018, 8, 15, 7, 3, 56, 184014),
 'log_count/DEBUG': 2,
 'log_count/INFO': 10,
 'response_received_count': 1,
 'scheduler/dequeued': 1,
 'scheduler/dequeued/memory': 1,
 'scheduler/enqueued': 1,
 'scheduler/enqueued/memory': 1,
 'start_time': datetime.datetime(2018, 8, 15, 7, 3, 55, 852514)}
2018-08-15 15:03:56 [scrapy.core.engine] INFO: Spider closed (finished)
2018-08-15 15:12:59 [scrapy.utils.log] INFO: Scrapy 1.5.0 started (bot: bilibili)
2018-08-15 15:12:59 [scrapy.utils.log] INFO: Versions: lxml 4.2.1.0, libxml2 2.9.5, cssselect 1.0.3, parsel 1.4.0, w3lib 1.19.0, Twisted 18.4.0, Python 3.6.2 (v3.6.2:5fd33b5, Jul  8 2017, 04:14:34) [MSC v.1900 32 bit (Intel)], pyOpenSSL 18.0.0 (OpenSSL 1.1.0h  27 Mar 2018), cryptography 2.2.2, Platform Windows-7-6.1.7601-SP1
2018-08-15 15:12:59 [scrapy.crawler] INFO: Overridden settings: {'BOT_NAME': 'bilibili', 'LOG_FILE': 'scrapy.log', 'NEWSPIDER_MODULE': 'bilibili.spiders', 'SPIDER_MODULES': ['bilibili.spiders']}
2018-08-15 15:12:59 [scrapy.middleware] INFO: Enabled extensions:
['scrapy.extensions.corestats.CoreStats',
 'scrapy.extensions.telnet.TelnetConsole',
 'scrapy.extensions.logstats.LogStats']
2018-08-15 15:12:59 [scrapy.middleware] INFO: Enabled downloader middlewares:
['scrapy.downloadermiddlewares.httpauth.HttpAuthMiddleware',
 'scrapy.downloadermiddlewares.downloadtimeout.DownloadTimeoutMiddleware',
 'scrapy.downloadermiddlewares.defaultheaders.DefaultHeadersMiddleware',
 'scrapy.downloadermiddlewares.useragent.UserAgentMiddleware',
 'scrapy.downloadermiddlewares.retry.RetryMiddleware',
 'scrapy.downloadermiddlewares.redirect.MetaRefreshMiddleware',
 'scrapy.downloadermiddlewares.httpcompression.HttpCompressionMiddleware',
 'scrapy.downloadermiddlewares.redirect.RedirectMiddleware',
 'scrapy.downloadermiddlewares.cookies.CookiesMiddleware',
 'scrapy.downloadermiddlewares.httpproxy.HttpProxyMiddleware',
 'scrapy.downloadermiddlewares.stats.DownloaderStats']
2018-08-15 15:12:59 [scrapy.middleware] INFO: Enabled spider middlewares:
['scrapy.spidermiddlewares.httperror.HttpErrorMiddleware',
 'scrapy.spidermiddlewares.offsite.OffsiteMiddleware',
 'scrapy.spidermiddlewares.referer.RefererMiddleware',
 'scrapy.spidermiddlewares.urllength.UrlLengthMiddleware',
 'scrapy.spidermiddlewares.depth.DepthMiddleware']
2018-08-15 15:12:59 [scrapy.middleware] INFO: Enabled item pipelines:
[]
2018-08-15 15:12:59 [scrapy.core.engine] INFO: Spider opened
2018-08-15 15:12:59 [scrapy.extensions.logstats] INFO: Crawled 0 pages (at 0 pages/min), scraped 0 items (at 0 items/min)
2018-08-15 15:12:59 [scrapy.extensions.telnet] DEBUG: Telnet console listening on 127.0.0.1:6023
2018-08-15 15:12:59 [scrapy.core.engine] DEBUG: Crawled (200) <GET https://www.bilibili.com/> (referer: None)
2018-08-15 15:12:59 [E:\git\CrawlMan\bilibili\bilibili\spiders\bili.py] INFO: ====================================================
2018-08-15 15:12:59 [E:\git\CrawlMan\bilibili\bilibili\spiders\bili.py] INFO: <div class="num-wrap"><span>--</span></div>
2018-08-15 15:12:59 [E:\git\CrawlMan\bilibili\bilibili\spiders\bili.py] INFO: ====================================================
2018-08-15 15:12:59 [scrapy.core.engine] INFO: Closing spider (finished)
2018-08-15 15:12:59 [scrapy.statscollectors] INFO: Dumping Scrapy stats:
{'downloader/request_bytes': 215,
 'downloader/request_count': 1,
 'downloader/request_method_count/GET': 1,
 'downloader/response_bytes': 11408,
 'downloader/response_count': 1,
 'downloader/response_status_count/200': 1,
 'finish_reason': 'finished',
 'finish_time': datetime.datetime(2018, 8, 15, 7, 12, 59, 961166),
 'log_count/DEBUG': 2,
 'log_count/INFO': 10,
 'response_received_count': 1,
 'scheduler/dequeued': 1,
 'scheduler/dequeued/memory': 1,
 'scheduler/enqueued': 1,
 'scheduler/enqueued/memory': 1,
 'start_time': datetime.datetime(2018, 8, 15, 7, 12, 59, 614666)}
2018-08-15 15:12:59 [scrapy.core.engine] INFO: Spider closed (finished)
